============================= test session starts =============================
platform win32 -- Python 3.9.5, pytest-7.4.0, pluggy-1.3.0 -- c:\program files\python39\python.exe
cachedir: .pytest_cache
rootdir: C:\Users\jj_ca\OneDrive\Documents\GitHub\Project-Phishing
collecting ... collected 61 items

Tests/test_functional_test_auth_views.py::TestAuth::test_duplicate_registration PASSED [  1%]
Tests/test_functional_test_auth_views.py::TestAuth::test_invalid_input_register PASSED [  3%]
Tests/test_functional_test_auth_views.py::TestAuth::test_invalid_login PASSED [  4%]
Tests/test_functional_test_auth_views.py::TestAuth::test_login_view PASSED [  6%]
Tests/test_functional_test_auth_views.py::TestAuth::test_login_while_already_logged_in PASSED [  8%]
Tests/test_functional_test_auth_views.py::TestAuth::test_logout PASSED   [  9%]
Tests/test_functional_test_auth_views.py::TestAuth::test_register_route PASSED [ 11%]
Tests/test_functional_test_auth_views.py::TestAuth::test_valid_login PASSED [ 13%]
Tests/test_functional_test_auth_views.py::TestAuth::test_valid_registration PASSED [ 14%]
Tests/test_functional_test_extensions.py::TestExtensions::test_configuring_db PASSED [ 16%]
Tests/test_functional_test_extensions.py::TestExtensions::test_configuring_db_1 PASSED [ 18%]
Tests/test_functional_test_extensions.py::TestExtensions::test_configuring_migrate PASSED [ 19%]
Tests/test_functional_test_extensions.py::TestExtensions::test_db_exists PASSED [ 21%]
Tests/test_functional_test_extensions.py::TestExtensions::test_db_models PASSED [ 22%]
Tests/test_functional_test_extensions.py::TestExtensions::test_login_manager_exists PASSED [ 24%]
Tests/test_functional_test_extensions.py::TestExtensions::test_migrate_exists PASSED [ 26%]
Tests/test_functional_test_forms.py::TestForm::test_validate_success PASSED [ 27%]
Tests/test_functional_test_forms.py::TestForm::test_validate_without_password PASSED [ 29%]
Tests/test_functional_test_forms.py::TestForm::test_validate_without_username PASSED [ 31%]
Tests/test_functional_test_forms.py::TestRegistrationForm::test_invalid_username PASSED [ 32%]
Tests/test_functional_test_forms.py::TestRegistrationForm::test_password_mismatch PASSED [ 34%]
Tests/test_functional_test_forms.py::TestRegistrationForm::test_validate_success PASSED [ 36%]
Tests/test_functional_test_forms.py::TestPreSimulationForm::test_invalid_age PASSED [ 37%]
Tests/test_functional_test_forms.py::TestPreSimulationForm::test_missing_gender PASSED [ 39%]
Tests/test_functional_test_forms.py::TestPreSimulationForm::test_validate_success PASSED [ 40%]
Tests/test_functional_test_main_views.py::TestMainView::test_index PASSED [ 42%]
Tests/test_functional_test_main_views.py::TestMainView::test_index_uses_correct_template PASSED [ 44%]
Tests/test_functional_test_main_views.py::TestMainView::test_page_not_found PASSED [ 45%]
Tests/test_functional_test_models.py::TestModels::test_new_challenge PASSED [ 47%]
Tests/test_functional_test_models.py::TestModels::test_new_response PASSED [ 49%]
Tests/test_functional_test_models.py::TestModels::test_new_user PASSED   [ 50%]
Tests/test_functional_test_models.py::TestModels::test_user_set_password PASSED [ 52%]
Tests/test_functional_test_simulation_views.py::TestSimulation::test_404_page PASSED [ 54%]
Tests/test_functional_test_simulation_views.py::TestSimulation::test_base_route PASSED [ 55%]
Tests/test_functional_test_simulation_views.py::TestSimulation::test_base_route_requires_login PASSED [ 57%]
Tests/test_functional_test_simulation_views.py::TestSimulation::test_get_email PASSED [ 59%]
Tests/test_functional_test_simulation_views.py::TestSimulation::test_phishing_simulation PASSED [ 60%]
Tests/test_functional_test_simulation_views.py::TestSimulation::test_phishing_simulation_invalid_data PASSED [ 62%]
Tests/test_functional_test_simulation_views.py::TestSimulation::test_phishing_simulation_valid_data SKIPPED [ 63%]
Tests/test_functional_test_simulation_views.py::TestSimulation::test_pre_simulation_invalid_data PASSED [ 65%]
Tests/test_functional_test_simulation_views.py::TestSimulation::test_pre_simulation_success PASSED [ 67%]
Tests/test_functional_test_simulation_views.py::TestSimulation::test_submit_post_simulation PASSED [ 68%]
Tests/test_unit_test_auth_views.py::TestUnitUser::test_login_view PASSED [ 70%]
Tests/test_unit_test_auth_views.py::TestUnitUser::test_register_user PASSED [ 72%]
Tests/test_unit_test_extensions.py::TestUnitUser::test_db_instance PASSED [ 73%]
Tests/test_unit_test_extensions.py::TestUnitUser::test_login_manager_instance PASSED [ 75%]
Tests/test_unit_test_extensions.py::TestUnitUser::test_migrate_instance PASSED [ 77%]
Tests/test_unit_test_forms.py::TestUnitForm::test_invalid_password_mismatch PASSED [ 78%]
Tests/test_unit_test_forms.py::TestUnitForm::test_validate_success_1 PASSED [ 80%]
Tests/test_unit_test_forms.py::TestUnitForm::test_validate_success_2 PASSED [ 81%]
Tests/test_unit_test_init.py::TestInit::test_blueprints PASSED           [ 83%]
Tests/test_unit_test_init.py::TestInit::test_config PASSED               [ 85%]
Tests/test_unit_test_init.py::TestInit::test_config_database PASSED      [ 86%]
Tests/test_unit_test_init.py::TestInit::test_extensions PASSED           [ 88%]
Tests/test_unit_test_models.py::TestUnitUser::test_check_password PASSED [ 90%]
Tests/test_unit_test_models.py::TestUnitUser::test_example PASSED        [ 91%]
Tests/test_unit_test_models.py::TestUnitUser::test_invalid_password_mismatch PASSED [ 93%]
Tests/test_unit_test_models.py::TestUnitUser::test_new_user PASSED       [ 95%]
Tests/test_unit_test_models.py::TestUnitUser::test_set_password PASSED   [ 96%]
Tests/test_unit_test_models.py::TestUnitUser::test_validate_success PASSED [ 98%]
Tests/test_unit_test_simulation_views.py::TestUnitSimulation::test_submit_response PASSED [100%]

============================== warnings summary ===============================
..\..\..\..\AppData\Roaming\Python\Python39\site-packages\flask_wtf\recaptcha\widgets.py:2
..\..\..\..\AppData\Roaming\Python\Python39\site-packages\flask_wtf\recaptcha\widgets.py:2
  C:\Users\jj_ca\AppData\Roaming\Python\Python39\site-packages\flask_wtf\recaptcha\widgets.py:2: DeprecationWarning: 'flask.Markup' is deprecated and will be removed in Flask 2.4. Import 'markupsafe.Markup' instead.
    from flask import Markup

Tests/test_functional_test_auth_views.py: 28 warnings
Tests/test_functional_test_simulation_views.py: 31 warnings
Tests/test_unit_test_auth_views.py: 3 warnings
Tests/test_unit_test_simulation_views.py: 5 warnings
  C:\Users\jj_ca\AppData\Roaming\Python\Python39\site-packages\werkzeug\sansio\response.py:261: DeprecationWarning: The 'value' parameter must be a string. Bytes are deprecated and will not be supported in Werkzeug 3.0.
    dump_cookie(

Tests/test_functional_test_auth_views.py: 2 warnings
Tests/test_functional_test_simulation_views.py: 7 warnings
Tests/test_unit_test_simulation_views.py: 1 warning
  C:\Users\jj_ca\OneDrive\Documents\GitHub\Project-Phishing\my_app\__init__.py:79: LegacyAPIWarning: The Query.get() method is considered legacy as of the 1.x series of SQLAlchemy and becomes a legacy construct in 2.0. The method is now available as Session.get() (deprecated since: 2.0) (Background on SQLAlchemy 2.0 at: https://sqlalche.me/e/b8d9)
    return User.query.get(str(user_id))

Tests/test_functional_test_simulation_views.py::TestSimulation::test_phishing_simulation
  C:\Users\jj_ca\OneDrive\Documents\GitHub\Project-Phishing\my_app\simulation\views.py:205: LegacyAPIWarning: The Query.get() method is considered legacy as of the 1.x series of SQLAlchemy and becomes a legacy construct in 2.0. The method is now available as Session.get() (deprecated since: 2.0) (Background on SQLAlchemy 2.0 at: https://sqlalche.me/e/b8d9)
    user = User.query.get(user_id)

-- Docs: https://docs.pytest.org/en/stable/how-to/capture-warnings.html
================= 60 passed, 1 skipped, 80 warnings in 44.70s =================
